Case #1:
0.500000000000
0.500000000000
0.500000000000
Case #2:
0.645833333333
0.368055555556
0.604166666667
0.395833333333
Case #3:
0.424768518519
0.694444444444
0.500000000000
0.462962962963
0.505208333333
0.378472222222
0.561631944444
0.305555555556
0.641493055556
0.500000000000
Case #4:
0.329861111111
0.222222222222
0.921875000000
0.538194444444
0.631944444444
0.361111111111
0.652777777778
0.276041666667
Case #5:
0.263888888889
0.736111111111
0.500000000000
0.708333333333
0.291666666667
Case #6:
0.579861111111
0.522569444444
0.631944444444
0.647569444444
0.222222222222
0.315972222222
Case #7:
0.619791666667
0.586458333333
0.339583333333
0.543750000000
0.346875000000
0.551736111111
Case #8:
0.524305555556
0.508680555556
0.552951388889
0.469618055556
0.432291666667
0.479166666667
Case #9:
0.458333333333
0.625000000000
0.375000000000
0.541666666667
Case #10:
0.555373677249
0.544771825397
0.374054232804
0.460059523810
0.513707010582
0.407281746032
0.603105158730
0.550443121693
Case #11:
0.500000000000
0.375000000000
0.625000000000
Case #12:
0.281250000000
0.416666666667
0.250000000000
0.968750000000
0.416666666667
0.354166666667
0.687500000000
0.444444444444
0.500000000000
0.781250000000
Case #13:
0.625000000000
0.597222222222
0.569444444444
0.541666666667
0.513888888889
0.486111111111
0.458333333333
0.430555555556
0.402777777778
0.375000000000
Case #14:
0.000000000000
0.187500000000
0.250000000000
0.500000000000
0.750000000000
0.812500000000
1.000000000000
Case #15:
0.302083333333
0.390625000000
0.177083333333
0.666666666667
0.791666666667
0.760416666667
0.562500000000
0.451388888889
Case #16:
0.597222222222
0.458333333333
0.430555555556
0.625000000000
0.541666666667
0.513888888889
0.569444444444
0.375000000000
0.486111111111
0.402777777778
Case #17:
0.559146471088
0.563395957341
0.419060272919
0.436568168934
0.454970651455
0.506619145054
0.572871935232
0.509386072137
0.560083419942
0.373690387613
Case #18:
0.437500000000
0.333333333333
0.687500000000
0.671875000000
0.500000000000
0.354166666667
Case #19:
0.500000000000
0.500000000000
0.500000000000
0.500000000000
0.500000000000
0.500000000000
0.500000000000
0.500000000000
0.500000000000
Case #20:
0.511019975120
0.519591566785
0.372800082335
0.499762444660
0.460100544848
0.538925943641
0.455539808516
0.646737213404
0.474202018770
0.536412125614
