Case #1: 33.333333 66.666667
Case #2: 0.000000 100.000000
Case #3: 25.000000 25.000000 25.000000 25.000000
Case #4: 34.666667 26.666667 38.666667
Case #5: 50.000000 50.000000
Case #6: 8.765112 15.673575 15.673575 11.528497 13.082902 12.564767 14.291883 8.419689
Case #7: 10.000000 10.000000 10.000000 10.000000 10.000000 10.000000 10.000000 10.000000 10.000000 10.000000
Case #8: 8.729875 9.445438 10.518784 4.078712 12.307692 13.381038 5.509839 4.794275 19.105546 12.128801
Case #9: -9.107143 40.000000 39.107143 39.107143 -9.107143
Case #10: 14.018692 85.981308
Case #11: -0.199302 14.150473 11.684106 12.132536 13.029397 13.029397 13.477828 11.011460 11.684106
Case #12: 0.000000 100.000000
Case #13: 33.333333 33.333333 33.333333 -66.666667 33.333333 33.333333
Case #14: 12.052731 7.532957 6.214689 14.877589 14.500942 14.312618 19.020716 3.954802 7.532957
Case #15: -60.000000 40.000000 40.000000 40.000000 40.000000
Case #16: 21.970333 21.970333 -2.462916 21.970333 -2.714805 22.222222 -2.462916 -2.714805 22.222222
Case #17: 28.571429 28.571429 -71.428571 28.571429 28.571429 28.571429 28.571429
Case #18: 14.752252 17.454955 16.441441 13.063063 17.792793 20.495495
Case #19: 20.000000 20.000000 20.000000 20.000000 20.000000
Case #20: 33.333333 66.666667
