Case #1: our language is impossible to understand
Case #2: there are twenty six factorial possibilities
Case #3: so it is okay if you want to just give up
Case #4: xoggk d yl wxo vkkvgo ekso uyl wonw sywy
Case #5: xkf yto akj
Case #6: yabba dabba yabba dabba yabba dabba yabba dabba yabba dabba yabba dabba yabba dabba yabba dooooooooo
Case #7: a b c d e f g h i j k l m n o p z r s t u v y w x y q now i know my abcs
Case #8: next time wont you sing with me
Case #9: translating text is not goros strength
Case #10: strength is goros strength
Case #11: friends dont let friends let scientific progress go boink
Case #12: pneumonoultramicroscopicsilicovolcanoconiosis
Case #13: you pissed off the chicken lady
Case #14: an eye for an eye and a pigeon for a pigeon
Case #15: oh hai im in ur computer eating your cheeqburgers and googleresing your textq
Case #16: im commander shepard and this is my favorite problem on the google code jam
Case #17: why do programmers always mix up halloween and christmas
Case #18: i have bested fruit spike and moon now i shall best you the guy
Case #19: it was the best of times it was the blurst of times
Case #20: our code jam is like the pythagorean theorem
Case #21: there is no answer
Case #22: how are you holding up because im a potato
Case #23: each of us has his own special gift and you know this was meant to be true
Case #24: and if you dont underestimate me i wont underestimate you
Case #25: by the pricking of my thumbs something wicked this way comes
Case #26: oh nooooo goggalor is headed for the orphanage
Case #27: oh my god lets make out
Case #28: this is so exciting i have to go the bathroom
Case #29: buff tryndamere and amumu
Case #30: you know you want to
