Case #1:
17 20
18 19
Case #2:
2894 4454 9600
4210 5690 7048
Case #3:
391 4283 595
2661 846 1762
Case #4:
3360 152 3588 4162
4596 2572 2714 1380
Case #5:
2710 2206 8
3468 1456
Case #6:
29766 96449 45571 75720 42914
53003 16676 54747 53750 85205 27039
Case #7:
42636 25964 32404 21209 13522 38225 99291 33190
62494 50238 1845 97791 94073
Case #8:
59082 95175 47514 67911 69519 10914
66611 67351 49697 76855 89601
Case #9:
5840 67548 67737 58358
85847 37922 54654 21060
Case #10:
45002 20251 68621 90823
78750 11998 91767 42182
